<?xml version="1.0" encoding="UTF-8"?><results version="2">    <cppcheck version="2.1"/>    <errors>        <error id="assertWithSideEffect" severity="warning" msg="Assert statement calls a function which may have desired side effects: &apos;transpose&apos;." verbose="Non-pure function: &apos;transpose&apos; is called inside assert statement. Assert statements are removed from release builds so the code inside assert statement is not executed. If the code is needed also in release builds, this is a bug." cwe="398">            <location file0="C:\Users\Javie\OneDrive\Escritorio\Proyecto-TT1\src\test.cpp" file="C:\Users\Javie\OneDrive\Escritorio\Proyecto-TT1\src\test.cpp" line="161" column="15"/>            <symbol>transpose</symbol>        </error>        <error id="assertWithSideEffect" severity="warning" msg="Assert statement calls a function which may have desired side effects: &apos;inverse&apos;." verbose="Non-pure function: &apos;inverse&apos; is called inside assert statement. Assert statements are removed from release builds so the code inside assert statement is not executed. If the code is needed also in release builds, this is a bug." cwe="398">            <location file0="C:\Users\Javie\OneDrive\Escritorio\Proyecto-TT1\src\test.cpp" file="C:\Users\Javie\OneDrive\Escritorio\Proyecto-TT1\src\test.cpp" line="179" column="15"/>            <symbol>inverse</symbol>        </error>        <error id="assertWithSideEffect" severity="warning" msg="Assert statement calls a function which may have desired side effects: &apos;dot&apos;." verbose="Non-pure function: &apos;dot&apos; is called inside assert statement. Assert statements are removed from release builds so the code inside assert statement is not executed. If the code is needed also in release builds, this is a bug." cwe="398">            <location file0="C:\Users\Javie\OneDrive\Escritorio\Proyecto-TT1\src\test.cpp" file="C:\Users\Javie\OneDrive\Escritorio\Proyecto-TT1\src\test.cpp" line="193" column="15"/>            <symbol>dot</symbol>        </error>        <error id="assertWithSideEffect" severity="warning" msg="Assert statement calls a function which may have desired side effects: &apos;cross&apos;." verbose="Non-pure function: &apos;cross&apos; is called inside assert statement. Assert statements are removed from release builds so the code inside assert statement is not executed. If the code is needed also in release builds, this is a bug." cwe="398">            <location file0="C:\Users\Javie\OneDrive\Escritorio\Proyecto-TT1\src\test.cpp" file="C:\Users\Javie\OneDrive\Escritorio\Proyecto-TT1\src\test.cpp" line="214" column="15"/>            <symbol>cross</symbol>        </error>        <error id="assertWithSideEffect" severity="warning" msg="Assert statement calls a function which may have desired side effects: &apos;equals&apos;." verbose="Non-pure function: &apos;equals&apos; is called inside assert statement. Assert statements are removed from release builds so the code inside assert statement is not executed. If the code is needed also in release builds, this is a bug." cwe="398">            <location file0="C:\Users\Javie\OneDrive\Escritorio\Proyecto-TT1\src\test.cpp" file="C:\Users\Javie\OneDrive\Escritorio\Proyecto-TT1\src\test.cpp" line="517" column="14"/>            <symbol>equals</symbol>        </error>        <error id="assertWithSideEffect" severity="warning" msg="Assert statement calls a function which may have desired side effects: &apos;equals&apos;." verbose="Non-pure function: &apos;equals&apos; is called inside assert statement. Assert statements are removed from release builds so the code inside assert statement is not executed. If the code is needed also in release builds, this is a bug." cwe="398">            <location file0="C:\Users\Javie\OneDrive\Escritorio\Proyecto-TT1\src\test.cpp" file="C:\Users\Javie\OneDrive\Escritorio\Proyecto-TT1\src\test.cpp" line="761" column="16"/>            <symbol>equals</symbol>        </error>        <error id="assertWithSideEffect" severity="warning" msg="Assert statement calls a function which may have desired side effects: &apos;equals&apos;." verbose="Non-pure function: &apos;equals&apos; is called inside assert statement. Assert statements are removed from release builds so the code inside assert statement is not executed. If the code is needed also in release builds, this is a bug." cwe="398">            <location file0="C:\Users\Javie\OneDrive\Escritorio\Proyecto-TT1\src\test.cpp" file="C:\Users\Javie\OneDrive\Escritorio\Proyecto-TT1\src\test.cpp" line="764" column="17"/>            <symbol>equals</symbol>        </error>        <error id="assertWithSideEffect" severity="warning" msg="Assert statement calls a function which may have desired side effects: &apos;equals&apos;." verbose="Non-pure function: &apos;equals&apos; is called inside assert statement. Assert statements are removed from release builds so the code inside assert statement is not executed. If the code is needed also in release builds, this is a bug." cwe="398">            <location file0="C:\Users\Javie\OneDrive\Escritorio\Proyecto-TT1\src\test.cpp" file="C:\Users\Javie\OneDrive\Escritorio\Proyecto-TT1\src\test.cpp" line="995" column="14"/>            <symbol>equals</symbol>        </error>        <error id="assertWithSideEffect" severity="warning" msg="Assert statement calls a function which may have desired side effects: &apos;equals&apos;." verbose="Non-pure function: &apos;equals&apos; is called inside assert statement. Assert statements are removed from release builds so the code inside assert statement is not executed. If the code is needed also in release builds, this is a bug." cwe="398">            <location file0="C:\Users\Javie\OneDrive\Escritorio\Proyecto-TT1\src\test.cpp" file="C:\Users\Javie\OneDrive\Escritorio\Proyecto-TT1\src\test.cpp" line="998" column="14"/>            <symbol>equals</symbol>        </error>        <error id="assertWithSideEffect" severity="warning" msg="Assert statement calls a function which may have desired side effects: &apos;equals&apos;." verbose="Non-pure function: &apos;equals&apos; is called inside assert statement. Assert statements are removed from release builds so the code inside assert statement is not executed. If the code is needed also in release builds, this is a bug." cwe="398">            <location file0="C:\Users\Javie\OneDrive\Escritorio\Proyecto-TT1\src\test.cpp" file="C:\Users\Javie\OneDrive\Escritorio\Proyecto-TT1\src\test.cpp" line="1072" column="19"/>            <symbol>equals</symbol>        </error>        <error id="assertWithSideEffect" severity="warning" msg="Assert statement calls a function which may have desired side effects: &apos;equals&apos;." verbose="Non-pure function: &apos;equals&apos; is called inside assert statement. Assert statements are removed from release builds so the code inside assert statement is not executed. If the code is needed also in release builds, this is a bug." cwe="398">            <location file0="C:\Users\Javie\OneDrive\Escritorio\Proyecto-TT1\src\test.cpp" file="C:\Users\Javie\OneDrive\Escritorio\Proyecto-TT1\src\test.cpp" line="1158" column="20"/>            <symbol>equals</symbol>        </error>        <error id="assertWithSideEffect" severity="warning" msg="Assert statement calls a function which may have desired side effects: &apos;equals&apos;." verbose="Non-pure function: &apos;equals&apos; is called inside assert statement. Assert statements are removed from release builds so the code inside assert statement is not executed. If the code is needed also in release builds, this is a bug." cwe="398">            <location file0="C:\Users\Javie\OneDrive\Escritorio\Proyecto-TT1\src\test.cpp" file="C:\Users\Javie\OneDrive\Escritorio\Proyecto-TT1\src\test.cpp" line="1161" column="19"/>            <symbol>equals</symbol>        </error>        <error id="assertWithSideEffect" severity="warning" msg="Assert statement calls a function which may have desired side effects: &apos;equals&apos;." verbose="Non-pure function: &apos;equals&apos; is called inside assert statement. Assert statements are removed from release builds so the code inside assert statement is not executed. If the code is needed also in release builds, this is a bug." cwe="398">            <location file0="C:\Users\Javie\OneDrive\Escritorio\Proyecto-TT1\src\test.cpp" file="C:\Users\Javie\OneDrive\Escritorio\Proyecto-TT1\src\test.cpp" line="1164" column="18"/>            <symbol>equals</symbol>        </error>        <error id="assertWithSideEffect" severity="warning" msg="Assert statement calls a function which may have desired side effects: &apos;equals&apos;." verbose="Non-pure function: &apos;equals&apos; is called inside assert statement. Assert statements are removed from release builds so the code inside assert statement is not executed. If the code is needed also in release builds, this is a bug." cwe="398">            <location file0="C:\Users\Javie\OneDrive\Escritorio\Proyecto-TT1\src\test.cpp" file="C:\Users\Javie\OneDrive\Escritorio\Proyecto-TT1\src\test.cpp" line="1167" column="22"/>            <symbol>equals</symbol>        </error>        <error id="assertWithSideEffect" severity="warning" msg="Assert statement calls a function which may have desired side effects: &apos;equals&apos;." verbose="Non-pure function: &apos;equals&apos; is called inside assert statement. Assert statements are removed from release builds so the code inside assert statement is not executed. If the code is needed also in release builds, this is a bug." cwe="398">            <location file0="C:\Users\Javie\OneDrive\Escritorio\Proyecto-TT1\src\test.cpp" file="C:\Users\Javie\OneDrive\Escritorio\Proyecto-TT1\src\test.cpp" line="1170" column="20"/>            <symbol>equals</symbol>        </error>        <error id="assertWithSideEffect" severity="warning" msg="Assert statement calls a function which may have desired side effects: &apos;equals&apos;." verbose="Non-pure function: &apos;equals&apos; is called inside assert statement. Assert statements are removed from release builds so the code inside assert statement is not executed. If the code is needed also in release builds, this is a bug." cwe="398">            <location file0="C:\Users\Javie\OneDrive\Escritorio\Proyecto-TT1\src\test.cpp" file="C:\Users\Javie\OneDrive\Escritorio\Proyecto-TT1\src\test.cpp" line="1173" column="19"/>            <symbol>equals</symbol>        </error>        <error id="assertWithSideEffect" severity="warning" msg="Assert statement calls a function which may have desired side effects: &apos;equals&apos;." verbose="Non-pure function: &apos;equals&apos; is called inside assert statement. Assert statements are removed from release builds so the code inside assert statement is not executed. If the code is needed also in release builds, this is a bug." cwe="398">            <location file0="C:\Users\Javie\OneDrive\Escritorio\Proyecto-TT1\src\test.cpp" file="C:\Users\Javie\OneDrive\Escritorio\Proyecto-TT1\src\test.cpp" line="1176" column="22"/>            <symbol>equals</symbol>        </error>        <error id="assertWithSideEffect" severity="warning" msg="Assert statement calls a function which may have desired side effects: &apos;equals&apos;." verbose="Non-pure function: &apos;equals&apos; is called inside assert statement. Assert statements are removed from release builds so the code inside assert statement is not executed. If the code is needed also in release builds, this is a bug." cwe="398">            <location file0="C:\Users\Javie\OneDrive\Escritorio\Proyecto-TT1\src\test.cpp" file="C:\Users\Javie\OneDrive\Escritorio\Proyecto-TT1\src\test.cpp" line="1179" column="21"/>            <symbol>equals</symbol>        </error>        <error id="assertWithSideEffect" severity="warning" msg="Assert statement calls a function which may have desired side effects: &apos;equals&apos;." verbose="Non-pure function: &apos;equals&apos; is called inside assert statement. Assert statements are removed from release builds so the code inside assert statement is not executed. If the code is needed also in release builds, this is a bug." cwe="398">            <location file0="C:\Users\Javie\OneDrive\Escritorio\Proyecto-TT1\src\test.cpp" file="C:\Users\Javie\OneDrive\Escritorio\Proyecto-TT1\src\test.cpp" line="1182" column="21"/>            <symbol>equals</symbol>        </error>        <error id="assertWithSideEffect" severity="warning" msg="Assert statement calls a function which may have desired side effects: &apos;equals&apos;." verbose="Non-pure function: &apos;equals&apos; is called inside assert statement. Assert statements are removed from release builds so the code inside assert statement is not executed. If the code is needed also in release builds, this is a bug." cwe="398">            <location file0="C:\Users\Javie\OneDrive\Escritorio\Proyecto-TT1\src\test.cpp" file="C:\Users\Javie\OneDrive\Escritorio\Proyecto-TT1\src\test.cpp" line="1185" column="22"/>            <symbol>equals</symbol>        </error>        <error id="assertWithSideEffect" severity="warning" msg="Assert statement calls a function which may have desired side effects: &apos;equals&apos;." verbose="Non-pure function: &apos;equals&apos; is called inside assert statement. Assert statements are removed from release builds so the code inside assert statement is not executed. If the code is needed also in release builds, this is a bug." cwe="398">            <location file0="C:\Users\Javie\OneDrive\Escritorio\Proyecto-TT1\src\test.cpp" file="C:\Users\Javie\OneDrive\Escritorio\Proyecto-TT1\src\test.cpp" line="1188" column="20"/>            <symbol>equals</symbol>        </error>        <error id="assertWithSideEffect" severity="warning" msg="Assert statement calls a function which may have desired side effects: &apos;equals&apos;." verbose="Non-pure function: &apos;equals&apos; is called inside assert statement. Assert statements are removed from release builds so the code inside assert statement is not executed. If the code is needed also in release builds, this is a bug." cwe="398">            <location file0="C:\Users\Javie\OneDrive\Escritorio\Proyecto-TT1\src\test.cpp" file="C:\Users\Javie\OneDrive\Escritorio\Proyecto-TT1\src\test.cpp" line="1212" column="19"/>            <symbol>equals</symbol>        </error>        <error id="assertWithSideEffect" severity="warning" msg="Assert statement calls a function which may have desired side effects: &apos;equals&apos;." verbose="Non-pure function: &apos;equals&apos; is called inside assert statement. Assert statements are removed from release builds so the code inside assert statement is not executed. If the code is needed also in release builds, this is a bug." cwe="398">            <location file0="C:\Users\Javie\OneDrive\Escritorio\Proyecto-TT1\src\test.cpp" file="C:\Users\Javie\OneDrive\Escritorio\Proyecto-TT1\src\test.cpp" line="1425" column="14"/>            <symbol>equals</symbol>        </error>        <error id="assertWithSideEffect" severity="warning" msg="Assert statement calls a function which may have desired side effects: &apos;equals&apos;." verbose="Non-pure function: &apos;equals&apos; is called inside assert statement. Assert statements are removed from release builds so the code inside assert statement is not executed. If the code is needed also in release builds, this is a bug." cwe="398">            <location file0="C:\Users\Javie\OneDrive\Escritorio\Proyecto-TT1\src\test.cpp" file="C:\Users\Javie\OneDrive\Escritorio\Proyecto-TT1\src\test.cpp" line="1461" column="14"/>            <symbol>equals</symbol>        </error>        <error id="assertWithSideEffect" severity="warning" msg="Assert statement calls a function which may have desired side effects: &apos;equals&apos;." verbose="Non-pure function: &apos;equals&apos; is called inside assert statement. Assert statements are removed from release builds so the code inside assert statement is not executed. If the code is needed also in release builds, this is a bug." cwe="398">            <location file0="C:\Users\Javie\OneDrive\Escritorio\Proyecto-TT1\src\test.cpp" file="C:\Users\Javie\OneDrive\Escritorio\Proyecto-TT1\src\test.cpp" line="1609" column="14"/>            <symbol>equals</symbol>        </error>        <error id="unreadVariable" severity="style" msg="Variable &apos;m1(2,2)&apos; is assigned a value that is never used." verbose="Variable &apos;m1(2,2)&apos; is assigned a value that is never used." cwe="563">            <location file0="C:\Users\Javie\OneDrive\Escritorio\Proyecto-TT1\src\test.cpp" file="C:\Users\Javie\OneDrive\Escritorio\Proyecto-TT1\src\test.cpp" line="21" column="14"/>            <symbol>m1(2,2)</symbol>        </error>        <error id="unusedFunction" severity="style" msg="The function &apos;test_anglesg&apos; is never used." verbose="The function &apos;test_anglesg&apos; is never used." cwe="561">            <location file="C:\Users\Javie\OneDrive\Escritorio\Proyecto-TT1\src\test.cpp" line="1354" column="0"/>            <symbol>test_anglesg</symbol>        </error>        <error id="unusedFunction" severity="style" msg="The function &apos;test_norma&apos; is never used." verbose="The function &apos;test_norma&apos; is never used." cwe="561">            <location file="C:\Users\Javie\OneDrive\Escritorio\Proyecto-TT1\src\test.cpp" line="124" column="0"/>            <symbol>test_norma</symbol>        </error>        <error id="unmatchedSuppression" severity="information" msg="Unmatched suppression: preprocessorErrorDirective" verbose="Unmatched suppression: preprocessorErrorDirective"/>        <error id="unmatchedSuppression" severity="information" msg="Unmatched suppression: unknownMacro" verbose="Unmatched suppression: unknownMacro"/>        <error id="missingInclude" severity="information" msg="Cppcheck cannot find all the include files (use --check-config for details)" verbose="Cppcheck cannot find all the include files. Cppcheck can check the code without the include files found. But the results will probably be more accurate if all the include files are found. Please check your project&apos;s include directories and add all of them as include directories for Cppcheck. To see what files Cppcheck cannot find use --check-config."/>    </errors></results>